<?xml version="1.0" encoding="UTF-8"?>
<testng-results ignored="0" total="18" passed="18" failed="0" skipped="0">
  <reporter-output>
  </reporter-output>
  <suite started-at="2024-10-08T15:25:45 IST" name="Suite" finished-at="2024-10-08T15:41:37 IST" duration-ms="951196">
    <groups>
    </groups>
    <test started-at="2024-10-08T15:25:45 IST" name="TestRunner-Chrome" finished-at="2024-10-08T15:30:02 IST" duration-ms="256790">
      <class name="practice.testng.baseclass.CrossBrowserParallelExecution.orgtest.CreateOrganizationTest">
        <test-method is-config="true" signature="configBC(java.lang.String)[pri:0, instance:practice.testng.baseclass.CrossBrowserParallelExecution.orgtest.CreateOrganizationTest@5e7cd6cc]" started-at="2024-10-08T15:28:10 IST" name="configBC" finished-at="2024-10-08T15:28:23 IST" duration-ms="12985" status="PASS">
          <params>
            <param index="0">
              <value>
                <![CDATA[chrome]]>
              </value>
            </param>
          </params>
          <reporter-output>
          </reporter-output>
        </test-method> <!-- configBC -->
        <test-method is-config="true" signature="configBM()[pri:0, instance:practice.testng.baseclass.CrossBrowserParallelExecution.orgtest.CreateOrganizationTest@5e7cd6cc]" started-at="2024-10-08T15:28:23 IST" name="configBM" finished-at="2024-10-08T15:28:39 IST" duration-ms="15874" status="PASS">
          <reporter-output>
          </reporter-output>
        </test-method> <!-- configBM -->
        <test-method signature="createOrganizationTest()[pri:0, instance:practice.testng.baseclass.CrossBrowserParallelExecution.orgtest.CreateOrganizationTest@5e7cd6cc]" started-at="2024-10-08T15:28:39 IST" name="createOrganizationTest" finished-at="2024-10-08T15:28:55 IST" duration-ms="16111" status="PASS">
          <reporter-output>
          </reporter-output>
        </test-method> <!-- createOrganizationTest -->
        <test-method is-config="true" signature="configAM()[pri:0, instance:practice.testng.baseclass.CrossBrowserParallelExecution.orgtest.CreateOrganizationTest@5e7cd6cc]" started-at="2024-10-08T15:28:55 IST" name="configAM" finished-at="2024-10-08T15:28:57 IST" duration-ms="2092" status="PASS">
          <reporter-output>
          </reporter-output>
        </test-method> <!-- configAM -->
        <test-method is-config="true" signature="configBM()[pri:0, instance:practice.testng.baseclass.CrossBrowserParallelExecution.orgtest.CreateOrganizationTest@5e7cd6cc]" started-at="2024-10-08T15:28:57 IST" name="configBM" finished-at="2024-10-08T15:29:02 IST" duration-ms="4217" status="PASS">
          <reporter-output>
          </reporter-output>
        </test-method> <!-- configBM -->
        <test-method signature="createOrganizationWithIndustriesTest()[pri:0, instance:practice.testng.baseclass.CrossBrowserParallelExecution.orgtest.CreateOrganizationTest@5e7cd6cc]" started-at="2024-10-08T15:29:02 IST" name="createOrganizationWithIndustriesTest" finished-at="2024-10-08T15:29:26 IST" duration-ms="24546" status="PASS">
          <reporter-output>
          </reporter-output>
        </test-method> <!-- createOrganizationWithIndustriesTest -->
        <test-method is-config="true" signature="configAM()[pri:0, instance:practice.testng.baseclass.CrossBrowserParallelExecution.orgtest.CreateOrganizationTest@5e7cd6cc]" started-at="2024-10-08T15:29:26 IST" name="configAM" finished-at="2024-10-08T15:29:29 IST" duration-ms="2527" status="PASS">
          <reporter-output>
          </reporter-output>
        </test-method> <!-- configAM -->
        <test-method is-config="true" signature="configBM()[pri:0, instance:practice.testng.baseclass.CrossBrowserParallelExecution.orgtest.CreateOrganizationTest@5e7cd6cc]" started-at="2024-10-08T15:29:29 IST" name="configBM" finished-at="2024-10-08T15:29:35 IST" duration-ms="6382" status="PASS">
          <reporter-output>
          </reporter-output>
        </test-method> <!-- configBM -->
        <test-method signature="createOrganizationWithPhoneNumberTest()[pri:0, instance:practice.testng.baseclass.CrossBrowserParallelExecution.orgtest.CreateOrganizationTest@5e7cd6cc]" started-at="2024-10-08T15:29:35 IST" name="createOrganizationWithPhoneNumberTest" finished-at="2024-10-08T15:29:56 IST" duration-ms="21223" status="PASS">
          <reporter-output>
          </reporter-output>
        </test-method> <!-- createOrganizationWithPhoneNumberTest -->
        <test-method is-config="true" signature="configAM()[pri:0, instance:practice.testng.baseclass.CrossBrowserParallelExecution.orgtest.CreateOrganizationTest@5e7cd6cc]" started-at="2024-10-08T15:29:56 IST" name="configAM" finished-at="2024-10-08T15:29:59 IST" duration-ms="2698" status="PASS">
          <reporter-output>
          </reporter-output>
        </test-method> <!-- configAM -->
        <test-method is-config="true" signature="configAC()[pri:0, instance:practice.testng.baseclass.CrossBrowserParallelExecution.orgtest.CreateOrganizationTest@5e7cd6cc]" started-at="2024-10-08T15:29:59 IST" name="configAC" finished-at="2024-10-08T15:30:02 IST" duration-ms="3049" status="PASS">
          <reporter-output>
          </reporter-output>
        </test-method> <!-- configAC -->
      </class> <!-- practice.testng.baseclass.CrossBrowserParallelExecution.orgtest.CreateOrganizationTest -->
      <class name="practice.testng.baseclass.CrossBrowserParallelExecution.contacttest.CreateContactTest">
        <test-method is-config="true" signature="configBC(java.lang.String)[pri:0, instance:practice.testng.baseclass.CrossBrowserParallelExecution.contacttest.CreateContactTest@5b7a7f33]" started-at="2024-10-08T15:25:45 IST" name="configBC" finished-at="2024-10-08T15:26:00 IST" duration-ms="14401" status="PASS">
          <params>
            <param index="0">
              <value>
                <![CDATA[chrome]]>
              </value>
            </param>
          </params>
          <reporter-output>
          </reporter-output>
        </test-method> <!-- configBC -->
        <test-method is-config="true" signature="configBM()[pri:0, instance:practice.testng.baseclass.CrossBrowserParallelExecution.contacttest.CreateContactTest@5b7a7f33]" started-at="2024-10-08T15:26:00 IST" name="configBM" finished-at="2024-10-08T15:26:14 IST" duration-ms="14218" status="PASS">
          <reporter-output>
          </reporter-output>
        </test-method> <!-- configBM -->
        <test-method signature="createContactTest()[pri:0, instance:practice.testng.baseclass.CrossBrowserParallelExecution.contacttest.CreateContactTest@5b7a7f33]" started-at="2024-10-08T15:26:14 IST" name="createContactTest" finished-at="2024-10-08T15:26:40 IST" duration-ms="25797" status="PASS">
          <reporter-output>
          </reporter-output>
        </test-method> <!-- createContactTest -->
        <test-method is-config="true" signature="configAM()[pri:0, instance:practice.testng.baseclass.CrossBrowserParallelExecution.contacttest.CreateContactTest@5b7a7f33]" started-at="2024-10-08T15:26:40 IST" name="configAM" finished-at="2024-10-08T15:26:42 IST" duration-ms="2157" status="PASS">
          <reporter-output>
          </reporter-output>
        </test-method> <!-- configAM -->
        <test-method is-config="true" signature="configBM()[pri:0, instance:practice.testng.baseclass.CrossBrowserParallelExecution.contacttest.CreateContactTest@5b7a7f33]" started-at="2024-10-08T15:26:42 IST" name="configBM" finished-at="2024-10-08T15:26:46 IST" duration-ms="4346" status="PASS">
          <reporter-output>
          </reporter-output>
        </test-method> <!-- configBM -->
        <test-method signature="createContactWithOrgTest()[pri:0, instance:practice.testng.baseclass.CrossBrowserParallelExecution.contacttest.CreateContactTest@5b7a7f33]" started-at="2024-10-08T15:26:46 IST" name="createContactWithOrgTest" finished-at="2024-10-08T15:27:33 IST" duration-ms="46959" status="PASS">
          <reporter-output>
          </reporter-output>
        </test-method> <!-- createContactWithOrgTest -->
        <test-method is-config="true" signature="configAM()[pri:0, instance:practice.testng.baseclass.CrossBrowserParallelExecution.contacttest.CreateContactTest@5b7a7f33]" started-at="2024-10-08T15:27:33 IST" name="configAM" finished-at="2024-10-08T15:27:36 IST" duration-ms="3171" status="PASS">
          <reporter-output>
          </reporter-output>
        </test-method> <!-- configAM -->
        <test-method is-config="true" signature="configBM()[pri:0, instance:practice.testng.baseclass.CrossBrowserParallelExecution.contacttest.CreateContactTest@5b7a7f33]" started-at="2024-10-08T15:27:36 IST" name="configBM" finished-at="2024-10-08T15:27:42 IST" duration-ms="5412" status="PASS">
          <reporter-output>
          </reporter-output>
        </test-method> <!-- configBM -->
        <test-method signature="createContactWithSupportDateTest()[pri:0, instance:practice.testng.baseclass.CrossBrowserParallelExecution.contacttest.CreateContactTest@5b7a7f33]" started-at="2024-10-08T15:27:42 IST" name="createContactWithSupportDateTest" finished-at="2024-10-08T15:28:04 IST" duration-ms="22523" status="PASS">
          <reporter-output>
          </reporter-output>
        </test-method> <!-- createContactWithSupportDateTest -->
        <test-method is-config="true" signature="configAM()[pri:0, instance:practice.testng.baseclass.CrossBrowserParallelExecution.contacttest.CreateContactTest@5b7a7f33]" started-at="2024-10-08T15:28:04 IST" name="configAM" finished-at="2024-10-08T15:28:08 IST" duration-ms="3530" status="PASS">
          <reporter-output>
          </reporter-output>
        </test-method> <!-- configAM -->
        <test-method is-config="true" signature="configAC()[pri:0, instance:practice.testng.baseclass.CrossBrowserParallelExecution.contacttest.CreateContactTest@5b7a7f33]" started-at="2024-10-08T15:28:08 IST" name="configAC" finished-at="2024-10-08T15:28:10 IST" duration-ms="2464" status="PASS">
          <reporter-output>
          </reporter-output>
        </test-method> <!-- configAC -->
      </class> <!-- practice.testng.baseclass.CrossBrowserParallelExecution.contacttest.CreateContactTest -->
    </test> <!-- TestRunner-Chrome -->
    <test started-at="2024-10-08T15:30:02 IST" name="TestRunner-Edge" finished-at="2024-10-08T15:35:34 IST" duration-ms="332042">
      <class name="practice.testng.baseclass.CrossBrowserParallelExecution.orgtest.CreateOrganizationTest">
        <test-method is-config="true" signature="configBC(java.lang.String)[pri:0, instance:practice.testng.baseclass.CrossBrowserParallelExecution.orgtest.CreateOrganizationTest@5dafbe45]" started-at="2024-10-08T15:33:13 IST" name="configBC" finished-at="2024-10-08T15:33:29 IST" duration-ms="15490" status="PASS">
          <params>
            <param index="0">
              <value>
                <![CDATA[edge]]>
              </value>
            </param>
          </params>
          <reporter-output>
          </reporter-output>
        </test-method> <!-- configBC -->
        <test-method is-config="true" signature="configBM()[pri:0, instance:practice.testng.baseclass.CrossBrowserParallelExecution.orgtest.CreateOrganizationTest@5dafbe45]" started-at="2024-10-08T15:33:29 IST" name="configBM" finished-at="2024-10-08T15:33:51 IST" duration-ms="21894" status="PASS">
          <reporter-output>
          </reporter-output>
        </test-method> <!-- configBM -->
        <test-method signature="createOrganizationTest()[pri:0, instance:practice.testng.baseclass.CrossBrowserParallelExecution.orgtest.CreateOrganizationTest@5dafbe45]" started-at="2024-10-08T15:33:51 IST" name="createOrganizationTest" finished-at="2024-10-08T15:34:19 IST" duration-ms="28281" status="PASS">
          <reporter-output>
          </reporter-output>
        </test-method> <!-- createOrganizationTest -->
        <test-method is-config="true" signature="configAM()[pri:0, instance:practice.testng.baseclass.CrossBrowserParallelExecution.orgtest.CreateOrganizationTest@5dafbe45]" started-at="2024-10-08T15:34:19 IST" name="configAM" finished-at="2024-10-08T15:34:22 IST" duration-ms="3106" status="PASS">
          <reporter-output>
          </reporter-output>
        </test-method> <!-- configAM -->
        <test-method is-config="true" signature="configBM()[pri:0, instance:practice.testng.baseclass.CrossBrowserParallelExecution.orgtest.CreateOrganizationTest@5dafbe45]" started-at="2024-10-08T15:34:22 IST" name="configBM" finished-at="2024-10-08T15:34:28 IST" duration-ms="6333" status="PASS">
          <reporter-output>
          </reporter-output>
        </test-method> <!-- configBM -->
        <test-method signature="createOrganizationWithIndustriesTest()[pri:0, instance:practice.testng.baseclass.CrossBrowserParallelExecution.orgtest.CreateOrganizationTest@5dafbe45]" started-at="2024-10-08T15:34:28 IST" name="createOrganizationWithIndustriesTest" finished-at="2024-10-08T15:34:59 IST" duration-ms="30335" status="PASS">
          <reporter-output>
          </reporter-output>
        </test-method> <!-- createOrganizationWithIndustriesTest -->
        <test-method is-config="true" signature="configAM()[pri:0, instance:practice.testng.baseclass.CrossBrowserParallelExecution.orgtest.CreateOrganizationTest@5dafbe45]" started-at="2024-10-08T15:34:59 IST" name="configAM" finished-at="2024-10-08T15:35:02 IST" duration-ms="3477" status="PASS">
          <reporter-output>
          </reporter-output>
        </test-method> <!-- configAM -->
        <test-method is-config="true" signature="configBM()[pri:0, instance:practice.testng.baseclass.CrossBrowserParallelExecution.orgtest.CreateOrganizationTest@5dafbe45]" started-at="2024-10-08T15:35:02 IST" name="configBM" finished-at="2024-10-08T15:35:08 IST" duration-ms="5545" status="PASS">
          <reporter-output>
          </reporter-output>
        </test-method> <!-- configBM -->
        <test-method signature="createOrganizationWithPhoneNumberTest()[pri:0, instance:practice.testng.baseclass.CrossBrowserParallelExecution.orgtest.CreateOrganizationTest@5dafbe45]" started-at="2024-10-08T15:35:08 IST" name="createOrganizationWithPhoneNumberTest" finished-at="2024-10-08T15:35:29 IST" duration-ms="21287" status="PASS">
          <reporter-output>
          </reporter-output>
        </test-method> <!-- createOrganizationWithPhoneNumberTest -->
        <test-method is-config="true" signature="configAM()[pri:0, instance:practice.testng.baseclass.CrossBrowserParallelExecution.orgtest.CreateOrganizationTest@5dafbe45]" started-at="2024-10-08T15:35:29 IST" name="configAM" finished-at="2024-10-08T15:35:32 IST" duration-ms="2512" status="PASS">
          <reporter-output>
          </reporter-output>
        </test-method> <!-- configAM -->
        <test-method is-config="true" signature="configAC()[pri:0, instance:practice.testng.baseclass.CrossBrowserParallelExecution.orgtest.CreateOrganizationTest@5dafbe45]" started-at="2024-10-08T15:35:32 IST" name="configAC" finished-at="2024-10-08T15:35:34 IST" duration-ms="2857" status="PASS">
          <reporter-output>
          </reporter-output>
        </test-method> <!-- configAC -->
      </class> <!-- practice.testng.baseclass.CrossBrowserParallelExecution.orgtest.CreateOrganizationTest -->
      <class name="practice.testng.baseclass.CrossBrowserParallelExecution.contacttest.CreateContactTest">
        <test-method is-config="true" signature="configBC(java.lang.String)[pri:0, instance:practice.testng.baseclass.CrossBrowserParallelExecution.contacttest.CreateContactTest@6cd24612]" started-at="2024-10-08T15:30:02 IST" name="configBC" finished-at="2024-10-08T15:30:27 IST" duration-ms="24213" status="PASS">
          <params>
            <param index="0">
              <value>
                <![CDATA[edge]]>
              </value>
            </param>
          </params>
          <reporter-output>
          </reporter-output>
        </test-method> <!-- configBC -->
        <test-method is-config="true" signature="configBM()[pri:0, instance:practice.testng.baseclass.CrossBrowserParallelExecution.contacttest.CreateContactTest@6cd24612]" started-at="2024-10-08T15:30:27 IST" name="configBM" finished-at="2024-10-08T15:30:36 IST" duration-ms="9310" status="PASS">
          <reporter-output>
          </reporter-output>
        </test-method> <!-- configBM -->
        <test-method signature="createContactTest()[pri:0, instance:practice.testng.baseclass.CrossBrowserParallelExecution.contacttest.CreateContactTest@6cd24612]" started-at="2024-10-08T15:30:36 IST" name="createContactTest" finished-at="2024-10-08T15:31:15 IST" duration-ms="39278" status="PASS">
          <reporter-output>
          </reporter-output>
        </test-method> <!-- createContactTest -->
        <test-method is-config="true" signature="configAM()[pri:0, instance:practice.testng.baseclass.CrossBrowserParallelExecution.contacttest.CreateContactTest@6cd24612]" started-at="2024-10-08T15:31:15 IST" name="configAM" finished-at="2024-10-08T15:31:19 IST" duration-ms="3549" status="PASS">
          <reporter-output>
          </reporter-output>
        </test-method> <!-- configAM -->
        <test-method is-config="true" signature="configBM()[pri:0, instance:practice.testng.baseclass.CrossBrowserParallelExecution.contacttest.CreateContactTest@6cd24612]" started-at="2024-10-08T15:31:19 IST" name="configBM" finished-at="2024-10-08T15:31:24 IST" duration-ms="5040" status="PASS">
          <reporter-output>
          </reporter-output>
        </test-method> <!-- configBM -->
        <test-method signature="createContactWithOrgTest()[pri:0, instance:practice.testng.baseclass.CrossBrowserParallelExecution.contacttest.CreateContactTest@6cd24612]" started-at="2024-10-08T15:31:24 IST" name="createContactWithOrgTest" finished-at="2024-10-08T15:32:31 IST" duration-ms="66973" status="PASS">
          <reporter-output>
          </reporter-output>
        </test-method> <!-- createContactWithOrgTest -->
        <test-method is-config="true" signature="configAM()[pri:0, instance:practice.testng.baseclass.CrossBrowserParallelExecution.contacttest.CreateContactTest@6cd24612]" started-at="2024-10-08T15:32:31 IST" name="configAM" finished-at="2024-10-08T15:32:35 IST" duration-ms="3914" status="PASS">
          <reporter-output>
          </reporter-output>
        </test-method> <!-- configAM -->
        <test-method is-config="true" signature="configBM()[pri:0, instance:practice.testng.baseclass.CrossBrowserParallelExecution.contacttest.CreateContactTest@6cd24612]" started-at="2024-10-08T15:32:35 IST" name="configBM" finished-at="2024-10-08T15:32:40 IST" duration-ms="5531" status="PASS">
          <reporter-output>
          </reporter-output>
        </test-method> <!-- configBM -->
        <test-method signature="createContactWithSupportDateTest()[pri:0, instance:practice.testng.baseclass.CrossBrowserParallelExecution.contacttest.CreateContactTest@6cd24612]" started-at="2024-10-08T15:32:40 IST" name="createContactWithSupportDateTest" finished-at="2024-10-08T15:33:08 IST" duration-ms="28097" status="PASS">
          <reporter-output>
          </reporter-output>
        </test-method> <!-- createContactWithSupportDateTest -->
        <test-method is-config="true" signature="configAM()[pri:0, instance:practice.testng.baseclass.CrossBrowserParallelExecution.contacttest.CreateContactTest@6cd24612]" started-at="2024-10-08T15:33:08 IST" name="configAM" finished-at="2024-10-08T15:33:11 IST" duration-ms="2729" status="PASS">
          <reporter-output>
          </reporter-output>
        </test-method> <!-- configAM -->
        <test-method is-config="true" signature="configAC()[pri:0, instance:practice.testng.baseclass.CrossBrowserParallelExecution.contacttest.CreateContactTest@6cd24612]" started-at="2024-10-08T15:33:11 IST" name="configAC" finished-at="2024-10-08T15:33:13 IST" duration-ms="2246" status="PASS">
          <reporter-output>
          </reporter-output>
        </test-method> <!-- configAC -->
      </class> <!-- practice.testng.baseclass.CrossBrowserParallelExecution.contacttest.CreateContactTest -->
    </test> <!-- TestRunner-Edge -->
    <test started-at="2024-10-08T15:35:35 IST" name="TestRunner-Firefox" finished-at="2024-10-08T15:41:37 IST" duration-ms="361891">
      <class name="practice.testng.baseclass.CrossBrowserParallelExecution.orgtest.CreateOrganizationTest">
        <test-method is-config="true" signature="configBC(java.lang.String)[pri:0, instance:practice.testng.baseclass.CrossBrowserParallelExecution.orgtest.CreateOrganizationTest@2f953efd]" started-at="2024-10-08T15:39:19 IST" name="configBC" finished-at="2024-10-08T15:39:37 IST" duration-ms="17975" status="PASS">
          <params>
            <param index="0">
              <value>
                <![CDATA[firefox]]>
              </value>
            </param>
          </params>
          <reporter-output>
          </reporter-output>
        </test-method> <!-- configBC -->
        <test-method is-config="true" signature="configBM()[pri:0, instance:practice.testng.baseclass.CrossBrowserParallelExecution.orgtest.CreateOrganizationTest@2f953efd]" started-at="2024-10-08T15:39:37 IST" name="configBM" finished-at="2024-10-08T15:39:43 IST" duration-ms="5837" status="PASS">
          <reporter-output>
          </reporter-output>
        </test-method> <!-- configBM -->
        <test-method signature="createOrganizationTest()[pri:0, instance:practice.testng.baseclass.CrossBrowserParallelExecution.orgtest.CreateOrganizationTest@2f953efd]" started-at="2024-10-08T15:39:43 IST" name="createOrganizationTest" finished-at="2024-10-08T15:40:03 IST" duration-ms="20095" status="PASS">
          <reporter-output>
          </reporter-output>
        </test-method> <!-- createOrganizationTest -->
        <test-method is-config="true" signature="configAM()[pri:0, instance:practice.testng.baseclass.CrossBrowserParallelExecution.orgtest.CreateOrganizationTest@2f953efd]" started-at="2024-10-08T15:40:03 IST" name="configAM" finished-at="2024-10-08T15:40:06 IST" duration-ms="2936" status="PASS">
          <reporter-output>
          </reporter-output>
        </test-method> <!-- configAM -->
        <test-method is-config="true" signature="configBM()[pri:0, instance:practice.testng.baseclass.CrossBrowserParallelExecution.orgtest.CreateOrganizationTest@2f953efd]" started-at="2024-10-08T15:40:06 IST" name="configBM" finished-at="2024-10-08T15:40:14 IST" duration-ms="7818" status="PASS">
          <reporter-output>
          </reporter-output>
        </test-method> <!-- configBM -->
        <test-method signature="createOrganizationWithIndustriesTest()[pri:0, instance:practice.testng.baseclass.CrossBrowserParallelExecution.orgtest.CreateOrganizationTest@2f953efd]" started-at="2024-10-08T15:40:14 IST" name="createOrganizationWithIndustriesTest" finished-at="2024-10-08T15:41:05 IST" duration-ms="51189" status="PASS">
          <reporter-output>
          </reporter-output>
        </test-method> <!-- createOrganizationWithIndustriesTest -->
        <test-method is-config="true" signature="configAM()[pri:0, instance:practice.testng.baseclass.CrossBrowserParallelExecution.orgtest.CreateOrganizationTest@2f953efd]" started-at="2024-10-08T15:41:05 IST" name="configAM" finished-at="2024-10-08T15:41:10 IST" duration-ms="4676" status="PASS">
          <reporter-output>
          </reporter-output>
        </test-method> <!-- configAM -->
        <test-method is-config="true" signature="configBM()[pri:0, instance:practice.testng.baseclass.CrossBrowserParallelExecution.orgtest.CreateOrganizationTest@2f953efd]" started-at="2024-10-08T15:41:10 IST" name="configBM" finished-at="2024-10-08T15:41:12 IST" duration-ms="2942" status="PASS">
          <reporter-output>
          </reporter-output>
        </test-method> <!-- configBM -->
        <test-method signature="createOrganizationWithPhoneNumberTest()[pri:0, instance:practice.testng.baseclass.CrossBrowserParallelExecution.orgtest.CreateOrganizationTest@2f953efd]" started-at="2024-10-08T15:41:12 IST" name="createOrganizationWithPhoneNumberTest" finished-at="2024-10-08T15:41:25 IST" duration-ms="12940" status="PASS">
          <reporter-output>
          </reporter-output>
        </test-method> <!-- createOrganizationWithPhoneNumberTest -->
        <test-method is-config="true" signature="configAM()[pri:0, instance:practice.testng.baseclass.CrossBrowserParallelExecution.orgtest.CreateOrganizationTest@2f953efd]" started-at="2024-10-08T15:41:25 IST" name="configAM" finished-at="2024-10-08T15:41:28 IST" duration-ms="2422" status="PASS">
          <reporter-output>
          </reporter-output>
        </test-method> <!-- configAM -->
        <test-method is-config="true" signature="configAC()[pri:0, instance:practice.testng.baseclass.CrossBrowserParallelExecution.orgtest.CreateOrganizationTest@2f953efd]" started-at="2024-10-08T15:41:28 IST" name="configAC" finished-at="2024-10-08T15:41:37 IST" duration-ms="8692" status="PASS">
          <reporter-output>
          </reporter-output>
        </test-method> <!-- configAC -->
      </class> <!-- practice.testng.baseclass.CrossBrowserParallelExecution.orgtest.CreateOrganizationTest -->
      <class name="practice.testng.baseclass.CrossBrowserParallelExecution.contacttest.CreateContactTest">
        <test-method is-config="true" signature="configBS()[pri:0, instance:practice.testng.baseclass.CrossBrowserParallelExecution.contacttest.CreateContactTest@51891008]" started-at="2024-10-08T15:25:45 IST" name="configBS" finished-at="2024-10-08T15:25:45 IST" duration-ms="488" status="PASS">
          <reporter-output>
          </reporter-output>
        </test-method> <!-- configBS -->
        <test-method is-config="true" signature="configBC(java.lang.String)[pri:0, instance:practice.testng.baseclass.CrossBrowserParallelExecution.contacttest.CreateContactTest@51891008]" started-at="2024-10-08T15:35:35 IST" name="configBC" finished-at="2024-10-08T15:36:25 IST" duration-ms="50212" status="PASS">
          <params>
            <param index="0">
              <value>
                <![CDATA[firefox]]>
              </value>
            </param>
          </params>
          <reporter-output>
          </reporter-output>
        </test-method> <!-- configBC -->
        <test-method is-config="true" signature="configBM()[pri:0, instance:practice.testng.baseclass.CrossBrowserParallelExecution.contacttest.CreateContactTest@51891008]" started-at="2024-10-08T15:36:25 IST" name="configBM" finished-at="2024-10-08T15:36:38 IST" duration-ms="12810" status="PASS">
          <reporter-output>
          </reporter-output>
        </test-method> <!-- configBM -->
        <test-method signature="createContactTest()[pri:0, instance:practice.testng.baseclass.CrossBrowserParallelExecution.contacttest.CreateContactTest@51891008]" started-at="2024-10-08T15:36:38 IST" name="createContactTest" finished-at="2024-10-08T15:37:26 IST" duration-ms="48296" status="PASS">
          <reporter-output>
          </reporter-output>
        </test-method> <!-- createContactTest -->
        <test-method is-config="true" signature="configAM()[pri:0, instance:practice.testng.baseclass.CrossBrowserParallelExecution.contacttest.CreateContactTest@51891008]" started-at="2024-10-08T15:37:26 IST" name="configAM" finished-at="2024-10-08T15:37:33 IST" duration-ms="6830" status="PASS">
          <reporter-output>
          </reporter-output>
        </test-method> <!-- configAM -->
        <test-method is-config="true" signature="configBM()[pri:0, instance:practice.testng.baseclass.CrossBrowserParallelExecution.contacttest.CreateContactTest@51891008]" started-at="2024-10-08T15:37:33 IST" name="configBM" finished-at="2024-10-08T15:37:39 IST" duration-ms="6480" status="PASS">
          <reporter-output>
          </reporter-output>
        </test-method> <!-- configBM -->
        <test-method signature="createContactWithOrgTest()[pri:0, instance:practice.testng.baseclass.CrossBrowserParallelExecution.contacttest.CreateContactTest@51891008]" started-at="2024-10-08T15:37:39 IST" name="createContactWithOrgTest" finished-at="2024-10-08T15:38:24 IST" duration-ms="44616" status="PASS">
          <reporter-output>
          </reporter-output>
        </test-method> <!-- createContactWithOrgTest -->
        <test-method is-config="true" signature="configAM()[pri:0, instance:practice.testng.baseclass.CrossBrowserParallelExecution.contacttest.CreateContactTest@51891008]" started-at="2024-10-08T15:38:24 IST" name="configAM" finished-at="2024-10-08T15:38:27 IST" duration-ms="3264" status="PASS">
          <reporter-output>
          </reporter-output>
        </test-method> <!-- configAM -->
        <test-method is-config="true" signature="configBM()[pri:0, instance:practice.testng.baseclass.CrossBrowserParallelExecution.contacttest.CreateContactTest@51891008]" started-at="2024-10-08T15:38:27 IST" name="configBM" finished-at="2024-10-08T15:38:32 IST" duration-ms="4632" status="PASS">
          <reporter-output>
          </reporter-output>
        </test-method> <!-- configBM -->
        <test-method signature="createContactWithSupportDateTest()[pri:0, instance:practice.testng.baseclass.CrossBrowserParallelExecution.contacttest.CreateContactTest@51891008]" started-at="2024-10-08T15:38:32 IST" name="createContactWithSupportDateTest" finished-at="2024-10-08T15:39:06 IST" duration-ms="33862" status="PASS">
          <reporter-output>
          </reporter-output>
        </test-method> <!-- createContactWithSupportDateTest -->
        <test-method is-config="true" signature="configAM()[pri:0, instance:practice.testng.baseclass.CrossBrowserParallelExecution.contacttest.CreateContactTest@51891008]" started-at="2024-10-08T15:39:06 IST" name="configAM" finished-at="2024-10-08T15:39:11 IST" duration-ms="5327" status="PASS">
          <reporter-output>
          </reporter-output>
        </test-method> <!-- configAM -->
        <test-method is-config="true" signature="configAC()[pri:0, instance:practice.testng.baseclass.CrossBrowserParallelExecution.contacttest.CreateContactTest@51891008]" started-at="2024-10-08T15:39:11 IST" name="configAC" finished-at="2024-10-08T15:39:19 IST" duration-ms="8007" status="PASS">
          <reporter-output>
          </reporter-output>
        </test-method> <!-- configAC -->
        <test-method is-config="true" signature="configAS()[pri:0, instance:practice.testng.baseclass.CrossBrowserParallelExecution.contacttest.CreateContactTest@51891008]" started-at="2024-10-08T15:41:37 IST" name="configAS" finished-at="2024-10-08T15:41:37 IST" duration-ms="216" status="PASS">
          <reporter-output>
          </reporter-output>
        </test-method> <!-- configAS -->
      </class> <!-- practice.testng.baseclass.CrossBrowserParallelExecution.contacttest.CreateContactTest -->
    </test> <!-- TestRunner-Firefox -->
  </suite> <!-- Suite -->
</testng-results>
