<?xml version="1.0" encoding="UTF-8"?>
<!-- Generated by org.testng.reporters.JUnitXMLReporter -->
<testsuite ignored="2" hostname="DESKTOP-Q7S0LT0" failures="0" tests="6" name="TestRunner-Chrome" time="256.79" errors="0" timestamp="2024-10-08T15:30:02 IST">
  <testcase classname="practice.testng.baseclass.CrossBrowserParallelExecution.contacttest.CreateContactTest" name="createContactTest" time="25.797"/>
  <testcase classname="practice.testng.baseclass.CrossBrowserParallelExecution.contacttest.CreateContactTest" name="createContactWithOrgTest" time="46.959"/>
  <testcase classname="practice.testng.baseclass.CrossBrowserParallelExecution.contacttest.CreateContactTest" name="createContactWithSupportDateTest" time="22.523"/>
  <testcase classname="practice.testng.baseclass.CrossBrowserParallelExecution.orgtest.CreateOrganizationTest" name="createOrganizationTest" time="16.111"/>
  <testcase classname="practice.testng.baseclass.CrossBrowserParallelExecution.orgtest.CreateOrganizationTest" name="createOrganizationWithIndustriesTest" time="24.546"/>
  <testcase classname="practice.testng.baseclass.CrossBrowserParallelExecution.orgtest.CreateOrganizationTest" name="createOrganizationWithPhoneNumberTest" time="21.223"/>
  <testcase classname="SeleniumCRMGUIFrameworkWithTestNG.generic.CrossBrowserParallelExecution.BaseTest.BaseClass" name="@BeforeSuite configBS" time="0.0">
    <ignored/>
  </testcase> <!-- @BeforeSuite configBS -->
  <testcase classname="SeleniumCRMGUIFrameworkWithTestNG.generic.CrossBrowserParallelExecution.BaseTest.BaseClass" name="@AfterSuite configAS" time="0.0">
    <ignored/>
  </testcase> <!-- @AfterSuite configAS -->
</testsuite> <!-- TestRunner-Chrome -->
