<?xml version="1.0" encoding="UTF-8"?>
<!-- Generated by org.testng.reporters.JUnitXMLReporter -->
<testsuite ignored="2" hostname="DESKTOP-Q7S0LT0" failures="0" tests="6" name="TestRunner-Edge" time="332.042" errors="0" timestamp="2024-10-08T15:35:35 IST">
  <testcase classname="practice.testng.baseclass.CrossBrowserParallelExecution.contacttest.CreateContactTest" name="createContactTest" time="39.278"/>
  <testcase classname="practice.testng.baseclass.CrossBrowserParallelExecution.contacttest.CreateContactTest" name="createContactWithOrgTest" time="66.973"/>
  <testcase classname="practice.testng.baseclass.CrossBrowserParallelExecution.contacttest.CreateContactTest" name="createContactWithSupportDateTest" time="28.097"/>
  <testcase classname="practice.testng.baseclass.CrossBrowserParallelExecution.orgtest.CreateOrganizationTest" name="createOrganizationTest" time="28.281"/>
  <testcase classname="practice.testng.baseclass.CrossBrowserParallelExecution.orgtest.CreateOrganizationTest" name="createOrganizationWithIndustriesTest" time="30.335"/>
  <testcase classname="practice.testng.baseclass.CrossBrowserParallelExecution.orgtest.CreateOrganizationTest" name="createOrganizationWithPhoneNumberTest" time="21.287"/>
  <testcase classname="SeleniumCRMGUIFrameworkWithTestNG.generic.CrossBrowserParallelExecution.BaseTest.BaseClass" name="@AfterSuite configAS" time="0.0">
    <ignored/>
  </testcase> <!-- @AfterSuite configAS -->
  <testcase classname="SeleniumCRMGUIFrameworkWithTestNG.generic.CrossBrowserParallelExecution.BaseTest.BaseClass" name="@BeforeSuite configBS" time="0.0">
    <ignored/>
  </testcase> <!-- @BeforeSuite configBS -->
</testsuite> <!-- TestRunner-Edge -->
