<?xml version="1.0" encoding="UTF-8"?>
<!-- Generated by org.testng.reporters.JUnitXMLReporter -->
<testsuite ignored="2" hostname="DESKTOP-Q7S0LT0" failures="0" tests="6" name="TestRunner-Firefox" time="361.891" errors="0" timestamp="2024-10-08T15:41:37 IST">
  <testcase classname="practice.testng.baseclass.CrossBrowserParallelExecution.contacttest.CreateContactTest" name="createContactTest" time="48.296"/>
  <testcase classname="practice.testng.baseclass.CrossBrowserParallelExecution.contacttest.CreateContactTest" name="createContactWithOrgTest" time="44.616"/>
  <testcase classname="practice.testng.baseclass.CrossBrowserParallelExecution.contacttest.CreateContactTest" name="createContactWithSupportDateTest" time="33.862"/>
  <testcase classname="practice.testng.baseclass.CrossBrowserParallelExecution.orgtest.CreateOrganizationTest" name="createOrganizationTest" time="20.095"/>
  <testcase classname="practice.testng.baseclass.CrossBrowserParallelExecution.orgtest.CreateOrganizationTest" name="createOrganizationWithIndustriesTest" time="51.189"/>
  <testcase classname="practice.testng.baseclass.CrossBrowserParallelExecution.orgtest.CreateOrganizationTest" name="createOrganizationWithPhoneNumberTest" time="12.94"/>
  <testcase classname="SeleniumCRMGUIFrameworkWithTestNG.generic.CrossBrowserParallelExecution.BaseTest.BaseClass" name="@AfterSuite configAS" time="0.0">
    <ignored/>
  </testcase> <!-- @AfterSuite configAS -->
  <testcase classname="SeleniumCRMGUIFrameworkWithTestNG.generic.CrossBrowserParallelExecution.BaseTest.BaseClass" name="@BeforeSuite configBS" time="0.0">
    <ignored/>
  </testcase> <!-- @BeforeSuite configBS -->
</testsuite> <!-- TestRunner-Firefox -->
