<?xml version="1.0" encoding="UTF-8"?>
<!-- Generated by org.testng.reporters.JUnitXMLReporter -->
<testsuite ignored="2" hostname="DESKTOP-Q7S0LT0" failures="0" tests="6" name="Test" time="267.384" errors="0" timestamp="2024-10-08T15:24:01 IST">
  <testcase classname="practice.testng.baseclass.listener.orgtest.CreateOrganizationTest" name="createOrganizationTest" time="20.103"/>
  <testcase classname="practice.testng.baseclass.listener.orgtest.CreateOrganizationTest" name="createOrganizationWithIndustriesTest" time="18.816"/>
  <testcase classname="practice.testng.baseclass.listener.orgtest.CreateOrganizationTest" name="createOrganizationWithPhoneNumberTest" time="23.294"/>
  <testcase classname="practice.testng.baseclass.listener.contacttest.CreateContactTest" name="createContactTest" time="23.538"/>
  <testcase classname="practice.testng.baseclass.listener.contacttest.CreateContactTest" name="createContactWithOrgTest" time="46.114"/>
  <testcase classname="practice.testng.baseclass.listener.contacttest.CreateContactTest" name="createContactWithSupportDateTest" time="40.731"/>
  <testcase classname="SeleniumCRMGUIFrameworkWithTestNG.generic.listeners.BaseTest.BaseClass" name="@BeforeSuite configBS" time="0.0">
    <ignored/>
  </testcase> <!-- @BeforeSuite configBS -->
  <testcase classname="SeleniumCRMGUIFrameworkWithTestNG.generic.listeners.BaseTest.BaseClass" name="@AfterSuite configAS" time="0.0">
    <ignored/>
  </testcase> <!-- @AfterSuite configAS -->
</testsuite> <!-- Test -->
