<?xml version="1.0" encoding="UTF-8"?>
<!-- Generated by org.testng.reporters.JUnitXMLReporter -->
<testsuite ignored="0" hostname="DESKTOP-Q7S0LT0" failures="0" tests="3" name="Default test" time="94.901" errors="0" timestamp="2024-10-08T10:14:26 IST">
  <testcase classname="practice.testng.baseclass.listener.contacttest.CreateContactTest" name="createContactTest" time="15.776"/>
  <testcase classname="practice.testng.baseclass.listener.contacttest.CreateContactTest" name="createContactWithOrgTest" time="26.594"/>
  <testcase classname="practice.testng.baseclass.listener.contacttest.CreateContactTest" name="createContactWithSupportDateTest" time="13.949"/>
</testsuite> <!-- Default test -->
